[INFO  - 2017-10-17T03:23:47.607Z] GhostDriver - Main - running on port 64042
[INFO  - 2017-10-17T03:23:50.638Z] Session [98586230-b2ea-11e7-8238-35e46bf00f8d] - page.settings - {"XSSAuditingEnabled":false,"javascriptCanCloseWindows":true,"javascriptCanOpenWindows":true,"javascriptEnabled":true,"loadImages":false,"localToRemoteUrlAccessEnabled":false,"userAgent":"Mozilla/5.0 (Windows NT 6.1) AppleWebKit/538.1 (KHTML, like Gecko) PhantomJS/2.1.1 Safari/538.1","webSecurityEnabled":true}
[INFO  - 2017-10-17T03:23:50.638Z] Session [98586230-b2ea-11e7-8238-35e46bf00f8d] - page.customHeaders:  - {}
[INFO  - 2017-10-17T03:23:50.639Z] Session [98586230-b2ea-11e7-8238-35e46bf00f8d] - Session.negotiatedCapabilities - {"browserName":"phantomjs","version":"2.1.1","driverName":"ghostdriver","driverVersion":"1.2.0","platform":"windows-7-32bit","javascriptEnabled":true,"takesScreenshot":true,"handlesAlerts":false,"databaseEnabled":false,"locationContextEnabled":false,"applicationCacheEnabled":false,"browserConnectionEnabled":false,"cssSelectorsEnabled":true,"webStorageEnabled":false,"rotatable":false,"acceptSslCerts":false,"nativeEvents":true,"proxy":{"proxyType":"direct"}}
[INFO  - 2017-10-17T03:23:50.640Z] SessionManagerReqHand - _postNewSessionCommand - New Session Created: 98586230-b2ea-11e7-8238-35e46bf00f8d
[ERROR - 2017-10-17T03:24:05.963Z] Session [98586230-b2ea-11e7-8238-35e46bf00f8d] - page.onError - msg: ReferenceError: Can't find variable: jsonp95

  phantomjs://platform/console++.js:263 in error
[ERROR - 2017-10-17T03:24:05.965Z] Session [98586230-b2ea-11e7-8238-35e46bf00f8d] - page.onError - stack:
  global code (https://ald.taobao.com/recommend2.htm?appId=20140506002%2C20140506001%2C20140506002%2C20140506001%2C201602246%2C07085%2C07085%2C03014%2C201608180&_ksTS=1508210636904_94&callback=jsonp95:2)

  phantomjs://platform/console++.js:263 in error
[ERROR - 2017-10-17T03:24:11.288Z] Session [98586230-b2ea-11e7-8238-35e46bf00f8d] - page.onError - msg: kg/combobox/6.2.7/index is not loaded! can not find module in path : https://g.alicdn.com/kg/??combobox/6.2.7/index-min.js,search-suggest/6.3.1/mods/local-query-min.js,search-suggest/6.3.1/mods/menu-min.js,search-suggest/6.3.1/tpl/cloud-min.js,search-suggest/6.3.1/mods/bts-min.js,uploader/6.2.13/index-min.js,uploader/6.2.13/plugins/auth/auth-min.js,uploader/6.2.13/plugins/filedrop/filedrop-min.js,search-suggest/6.3.1/mods/stat-min.js,uploader/6.2.13/theme-min.js

  phantomjs://platform/console++.js:263 in error
[ERROR - 2017-10-17T03:24:11.288Z] Session [98586230-b2ea-11e7-8238-35e46bf00f8d] - page.onError - stack:
  (anonymous function) (https://g.alicdn.com/??kissy/k/6.2.4/seed-min.js,kg/global-util/1.0.5/index-min.js,tb/tracker/4.2.1/p/index/index.js,kg/tb-nav/2.5.1/index-min.js,secdev/sufei_data/3.0.8/index.js:5)

  phantomjs://platform/console++.js:263 in error
[ERROR - 2017-10-17T03:24:11.289Z] Session [98586230-b2ea-11e7-8238-35e46bf00f8d] - page.onError - msg: kg/search-suggest/6.3.1/mods/local-query is not loaded! can not find module in path : https://g.alicdn.com/kg/??combobox/6.2.7/index-min.js,search-suggest/6.3.1/mods/local-query-min.js,search-suggest/6.3.1/mods/menu-min.js,search-suggest/6.3.1/tpl/cloud-min.js,search-suggest/6.3.1/mods/bts-min.js,uploader/6.2.13/index-min.js,uploader/6.2.13/plugins/auth/auth-min.js,uploader/6.2.13/plugins/filedrop/filedrop-min.js,search-suggest/6.3.1/mods/stat-min.js,uploader/6.2.13/theme-min.js

  phantomjs://platform/console++.js:263 in error
[ERROR - 2017-10-17T03:24:11.289Z] Session [98586230-b2ea-11e7-8238-35e46bf00f8d] - page.onError - stack:
  (anonymous function) (https://g.alicdn.com/??kissy/k/6.2.4/seed-min.js,kg/global-util/1.0.5/index-min.js,tb/tracker/4.2.1/p/index/index.js,kg/tb-nav/2.5.1/index-min.js,secdev/sufei_data/3.0.8/index.js:5)

  phantomjs://platform/console++.js:263 in error
[ERROR - 2017-10-17T03:24:11.290Z] Session [98586230-b2ea-11e7-8238-35e46bf00f8d] - page.onError - msg: kg/search-suggest/6.3.1/mods/menu is not loaded! can not find module in path : https://g.alicdn.com/kg/??combobox/6.2.7/index-min.js,search-suggest/6.3.1/mods/local-query-min.js,search-suggest/6.3.1/mods/menu-min.js,search-suggest/6.3.1/tpl/cloud-min.js,search-suggest/6.3.1/mods/bts-min.js,uploader/6.2.13/index-min.js,uploader/6.2.13/plugins/auth/auth-min.js,uploader/6.2.13/plugins/filedrop/filedrop-min.js,search-suggest/6.3.1/mods/stat-min.js,uploader/6.2.13/theme-min.js

  phantomjs://platform/console++.js:263 in error
[ERROR - 2017-10-17T03:24:11.290Z] Session [98586230-b2ea-11e7-8238-35e46bf00f8d] - page.onError - stack:
  (anonymous function) (https://g.alicdn.com/??kissy/k/6.2.4/seed-min.js,kg/global-util/1.0.5/index-min.js,tb/tracker/4.2.1/p/index/index.js,kg/tb-nav/2.5.1/index-min.js,secdev/sufei_data/3.0.8/index.js:5)

  phantomjs://platform/console++.js:263 in error
[ERROR - 2017-10-17T03:24:11.291Z] Session [98586230-b2ea-11e7-8238-35e46bf00f8d] - page.onError - msg: kg/search-suggest/6.3.1/tpl/cloud is not loaded! can not find module in path : https://g.alicdn.com/kg/??combobox/6.2.7/index-min.js,search-suggest/6.3.1/mods/local-query-min.js,search-suggest/6.3.1/mods/menu-min.js,search-suggest/6.3.1/tpl/cloud-min.js,search-suggest/6.3.1/mods/bts-min.js,uploader/6.2.13/index-min.js,uploader/6.2.13/plugins/auth/auth-min.js,uploader/6.2.13/plugins/filedrop/filedrop-min.js,search-suggest/6.3.1/mods/stat-min.js,uploader/6.2.13/theme-min.js

  phantomjs://platform/console++.js:263 in error
[ERROR - 2017-10-17T03:24:11.291Z] Session [98586230-b2ea-11e7-8238-35e46bf00f8d] - page.onError - stack:
  (anonymous function) (https://g.alicdn.com/??kissy/k/6.2.4/seed-min.js,kg/global-util/1.0.5/index-min.js,tb/tracker/4.2.1/p/index/index.js,kg/tb-nav/2.5.1/index-min.js,secdev/sufei_data/3.0.8/index.js:5)

  phantomjs://platform/console++.js:263 in error
[ERROR - 2017-10-17T03:24:11.292Z] Session [98586230-b2ea-11e7-8238-35e46bf00f8d] - page.onError - msg: kg/search-suggest/6.3.1/mods/bts is not loaded! can not find module in path : https://g.alicdn.com/kg/??combobox/6.2.7/index-min.js,search-suggest/6.3.1/mods/local-query-min.js,search-suggest/6.3.1/mods/menu-min.js,search-suggest/6.3.1/tpl/cloud-min.js,search-suggest/6.3.1/mods/bts-min.js,uploader/6.2.13/index-min.js,uploader/6.2.13/plugins/auth/auth-min.js,uploader/6.2.13/plugins/filedrop/filedrop-min.js,search-suggest/6.3.1/mods/stat-min.js,uploader/6.2.13/theme-min.js

  phantomjs://platform/console++.js:263 in error
[ERROR - 2017-10-17T03:24:11.293Z] Session [98586230-b2ea-11e7-8238-35e46bf00f8d] - page.onError - stack:
  (anonymous function) (https://g.alicdn.com/??kissy/k/6.2.4/seed-min.js,kg/global-util/1.0.5/index-min.js,tb/tracker/4.2.1/p/index/index.js,kg/tb-nav/2.5.1/index-min.js,secdev/sufei_data/3.0.8/index.js:5)

  phantomjs://platform/console++.js:263 in error
[ERROR - 2017-10-17T03:24:11.293Z] Session [98586230-b2ea-11e7-8238-35e46bf00f8d] - page.onError - msg: kg/uploader/6.2.13/index is not loaded! can not find module in path : https://g.alicdn.com/kg/??combobox/6.2.7/index-min.js,search-suggest/6.3.1/mods/local-query-min.js,search-suggest/6.3.1/mods/menu-min.js,search-suggest/6.3.1/tpl/cloud-min.js,search-suggest/6.3.1/mods/bts-min.js,uploader/6.2.13/index-min.js,uploader/6.2.13/plugins/auth/auth-min.js,uploader/6.2.13/plugins/filedrop/filedrop-min.js,search-suggest/6.3.1/mods/stat-min.js,uploader/6.2.13/theme-min.js

  phantomjs://platform/console++.js:263 in error
[ERROR - 2017-10-17T03:24:11.294Z] Session [98586230-b2ea-11e7-8238-35e46bf00f8d] - page.onError - stack:
  (anonymous function) (https://g.alicdn.com/??kissy/k/6.2.4/seed-min.js,kg/global-util/1.0.5/index-min.js,tb/tracker/4.2.1/p/index/index.js,kg/tb-nav/2.5.1/index-min.js,secdev/sufei_data/3.0.8/index.js:5)

  phantomjs://platform/console++.js:263 in error
[ERROR - 2017-10-17T03:24:11.294Z] Session [98586230-b2ea-11e7-8238-35e46bf00f8d] - page.onError - msg: kg/uploader/6.2.13/plugins/auth/auth is not loaded! can not find module in path : https://g.alicdn.com/kg/??combobox/6.2.7/index-min.js,search-suggest/6.3.1/mods/local-query-min.js,search-suggest/6.3.1/mods/menu-min.js,search-suggest/6.3.1/tpl/cloud-min.js,search-suggest/6.3.1/mods/bts-min.js,uploader/6.2.13/index-min.js,uploader/6.2.13/plugins/auth/auth-min.js,uploader/6.2.13/plugins/filedrop/filedrop-min.js,search-suggest/6.3.1/mods/stat-min.js,uploader/6.2.13/theme-min.js

  phantomjs://platform/console++.js:263 in error
[ERROR - 2017-10-17T03:24:11.295Z] Session [98586230-b2ea-11e7-8238-35e46bf00f8d] - page.onError - stack:
  (anonymous function) (https://g.alicdn.com/??kissy/k/6.2.4/seed-min.js,kg/global-util/1.0.5/index-min.js,tb/tracker/4.2.1/p/index/index.js,kg/tb-nav/2.5.1/index-min.js,secdev/sufei_data/3.0.8/index.js:5)

  phantomjs://platform/console++.js:263 in error
[ERROR - 2017-10-17T03:24:11.295Z] Session [98586230-b2ea-11e7-8238-35e46bf00f8d] - page.onError - msg: kg/uploader/6.2.13/plugins/filedrop/filedrop is not loaded! can not find module in path : https://g.alicdn.com/kg/??combobox/6.2.7/index-min.js,search-suggest/6.3.1/mods/local-query-min.js,search-suggest/6.3.1/mods/menu-min.js,search-suggest/6.3.1/tpl/cloud-min.js,search-suggest/6.3.1/mods/bts-min.js,uploader/6.2.13/index-min.js,uploader/6.2.13/plugins/auth/auth-min.js,uploader/6.2.13/plugins/filedrop/filedrop-min.js,search-suggest/6.3.1/mods/stat-min.js,uploader/6.2.13/theme-min.js

  phantomjs://platform/console++.js:263 in error
[ERROR - 2017-10-17T03:24:11.295Z] Session [98586230-b2ea-11e7-8238-35e46bf00f8d] - page.onError - stack:
  (anonymous function) (https://g.alicdn.com/??kissy/k/6.2.4/seed-min.js,kg/global-util/1.0.5/index-min.js,tb/tracker/4.2.1/p/index/index.js,kg/tb-nav/2.5.1/index-min.js,secdev/sufei_data/3.0.8/index.js:5)

  phantomjs://platform/console++.js:263 in error
[ERROR - 2017-10-17T03:24:11.296Z] Session [98586230-b2ea-11e7-8238-35e46bf00f8d] - page.onError - msg: kg/search-suggest/6.3.1/mods/stat is not loaded! can not find module in path : https://g.alicdn.com/kg/??combobox/6.2.7/index-min.js,search-suggest/6.3.1/mods/local-query-min.js,search-suggest/6.3.1/mods/menu-min.js,search-suggest/6.3.1/tpl/cloud-min.js,search-suggest/6.3.1/mods/bts-min.js,uploader/6.2.13/index-min.js,uploader/6.2.13/plugins/auth/auth-min.js,uploader/6.2.13/plugins/filedrop/filedrop-min.js,search-suggest/6.3.1/mods/stat-min.js,uploader/6.2.13/theme-min.js

  phantomjs://platform/console++.js:263 in error
[ERROR - 2017-10-17T03:24:11.296Z] Session [98586230-b2ea-11e7-8238-35e46bf00f8d] - page.onError - stack:
  (anonymous function) (https://g.alicdn.com/??kissy/k/6.2.4/seed-min.js,kg/global-util/1.0.5/index-min.js,tb/tracker/4.2.1/p/index/index.js,kg/tb-nav/2.5.1/index-min.js,secdev/sufei_data/3.0.8/index.js:5)

  phantomjs://platform/console++.js:263 in error
[ERROR - 2017-10-17T03:24:11.296Z] Session [98586230-b2ea-11e7-8238-35e46bf00f8d] - page.onError - msg: kg/uploader/6.2.13/theme is not loaded! can not find module in path : https://g.alicdn.com/kg/??combobox/6.2.7/index-min.js,search-suggest/6.3.1/mods/local-query-min.js,search-suggest/6.3.1/mods/menu-min.js,search-suggest/6.3.1/tpl/cloud-min.js,search-suggest/6.3.1/mods/bts-min.js,uploader/6.2.13/index-min.js,uploader/6.2.13/plugins/auth/auth-min.js,uploader/6.2.13/plugins/filedrop/filedrop-min.js,search-suggest/6.3.1/mods/stat-min.js,uploader/6.2.13/theme-min.js

  phantomjs://platform/console++.js:263 in error
[ERROR - 2017-10-17T03:24:11.297Z] Session [98586230-b2ea-11e7-8238-35e46bf00f8d] - page.onError - stack:
  (anonymous function) (https://g.alicdn.com/??kissy/k/6.2.4/seed-min.js,kg/global-util/1.0.5/index-min.js,tb/tracker/4.2.1/p/index/index.js,kg/tb-nav/2.5.1/index-min.js,secdev/sufei_data/3.0.8/index.js:5)

  phantomjs://platform/console++.js:263 in error
[ERROR - 2017-10-17T03:24:11.302Z] Session [98586230-b2ea-11e7-8238-35e46bf00f8d] - page.onError - msg: kg/search-suggest/6.3.1/theme/pailitao/index.css is not loaded! can not find module in path : https://g.alicdn.com/kg/??search-suggest/6.3.1/theme/pailitao/index-min.css

  phantomjs://platform/console++.js:263 in error
[ERROR - 2017-10-17T03:24:11.302Z] Session [98586230-b2ea-11e7-8238-35e46bf00f8d] - page.onError - stack:
  (anonymous function) (https://g.alicdn.com/??kissy/k/6.2.4/seed-min.js,kg/global-util/1.0.5/index-min.js,tb/tracker/4.2.1/p/index/index.js,kg/tb-nav/2.5.1/index-min.js,secdev/sufei_data/3.0.8/index.js:5)

  phantomjs://platform/console++.js:263 in error
[INFO  - 2017-10-17T03:28:48.801Z] SessionManagerReqHand - _cleanupWindowlessSessions - Asynchronous Sessions clean-up phase starting NOW
[INFO  - 2017-10-17T03:33:49.794Z] SessionManagerReqHand - _cleanupWindowlessSessions - Asynchronous Sessions clean-up phase starting NOW
